This file contains any messages produced by compilers while
running configure, to aid debugging if configure makes a mistake.

It was created by PROJ.4 Projections configure 4.9.3, which was
generated by GNU Autoconf 2.69.  Invocation command line was

  $ ./configure CC=mpiicc CFLAGS=-O3 CXX=mpiicc CXXFLAGS=-O3 F77=mpiifort FFLAGS=-O3 --prefix=/work/GLHABS/LakeOntario/ccoffman/FVCOM-LOEM/src/libs/install

## --------- ##
## Platform. ##
## --------- ##

hostname = atmos2.hesc.epa.gov
uname -m = x86_64
uname -r = 4.18.0-513.18.1.el8_9.x86_64
uname -s = Linux
uname -v = #1 SMP Thu Feb 1 03:51:05 EST 2024

/usr/bin/uname -p = x86_64
/bin/uname -X     = unknown

/bin/arch              = x86_64
/usr/bin/arch -k       = unknown
/usr/convex/getsysinfo = unknown
/usr/bin/hostinfo      = unknown
/bin/machine           = unknown
/usr/bin/oslevel       = unknown
/bin/universe          = unknown

PATH: /usr/local/apps/pnetcdf-1.12.3/openmpi-4.1.6/intel-21.4/bin
PATH: /usr/local/apps/netcdf-4.9.2/intel-21.4/bin
PATH: /usr/local/apps/openmpi-4.1.6/intel-21.4/bin
PATH: /usr/local/apps/oneapi/mpi/2021.6.0/libfabric/bin
PATH: /usr/local/apps/oneapi/mpi/2021.6.0/bin
PATH: /usr/local/apps/intel/vtune/2021.7.1/bin64
PATH: /usr/local/apps/intel/itac/2021.4.0/bin
PATH: /usr/local/apps/intel/inspector/2021.4.0/bin64
PATH: /usr/local/apps/intel/dpcpp-ct/2021.4.0/bin
PATH: /usr/local/apps/intel/dev-utilities/2021.4.0/bin
PATH: /usr/local/apps/intel/debugger/10.2.4/gdb/intel64/bin
PATH: /usr/local/apps/intel/compiler/2021.4.0/linux/bin
PATH: /usr/local/apps/intel/compiler/2021.4.0/linux/bin/intel64
PATH: /usr/local/apps/intel/advisor/2021.4.0/bin64
PATH: /usr/local/apps/gcc-12.2.0/bin
PATH: /home/ccoffman/.vscode-server/bin/1e790d77f81672c49be070e04474901747115651/bin/remote-cli
PATH: /usr/local/bin
PATH: /usr/bin
PATH: /usr/local/sbin
PATH: /usr/sbin
PATH: /opt/dell/srvadmin/bin
PATH: .


## ----------- ##
## Core tests. ##
## ----------- ##

configure:2332: checking for a BSD-compatible install
configure:2400: result: /usr/bin/install -c
configure:2411: checking whether build environment is sane
configure:2466: result: yes
configure:2617: checking for a thread-safe mkdir -p
configure:2656: result: /usr/bin/mkdir -p
configure:2663: checking for gawk
configure:2679: found /usr/bin/gawk
configure:2690: result: gawk
configure:2701: checking whether make sets $(MAKE)
configure:2723: result: yes
configure:2752: checking whether make supports nested variables
configure:2769: result: yes
configure:2910: checking for style of include used by make
configure:2938: result: GNU
configure:3009: checking for gcc
configure:3036: result: mpiicc
configure:3265: checking for C compiler version
configure:3274: mpiicc --version >&5
icc (ICC) 2021.4.0 20210910
Copyright (C) 1985-2021 Intel Corporation.  All rights reserved.

configure:3285: $? = 0
configure:3274: mpiicc -v >&5
mpiicc for the Intel(R) MPI Library 2021.6 for Linux*
Copyright Intel Corporation.
icc version 2021.4.0 (gcc version 12.2.0 compatibility)
configure:3285: $? = 0
configure:3274: mpiicc -V >&5
Intel(R) C Intel(R) 64 Compiler Classic for applications running on Intel(R) 64, Version 2021.4.0 Build 20210910_000000
Copyright (C) 1985-2021 Intel Corporation.  All rights reserved.

configure:3285: $? = 0
configure:3274: mpiicc -qversion >&5
icc: command line warning #10006: ignoring unknown option '-qversion'
/lib/../lib64/crt1.o: In function `_start':
(.text+0x24): undefined reference to `main'
configure:3285: $? = 1
configure:3305: checking whether the C compiler works
configure:3327: mpiicc -O3   conftest.c  >&5
configure:3331: $? = 0
configure:3379: result: yes
configure:3382: checking for C compiler default output file name
configure:3384: result: a.out
configure:3390: checking for suffix of executables
configure:3397: mpiicc -o conftest -O3   conftest.c  >&5

## ---------------- ##
## Cache variables. ##
## ---------------- ##

ac_cv_env_CC_set=set
ac_cv_env_CC_value=mpiicc
ac_cv_env_CFLAGS_set=set
ac_cv_env_CFLAGS_value=-O3
ac_cv_env_CPPFLAGS_set=
ac_cv_env_CPPFLAGS_value=
ac_cv_env_CPP_set=
ac_cv_env_CPP_value=
ac_cv_env_LDFLAGS_set=
ac_cv_env_LDFLAGS_value=
ac_cv_env_LIBS_set=
ac_cv_env_LIBS_value=
ac_cv_env_LT_SYS_LIBRARY_PATH_set=
ac_cv_env_LT_SYS_LIBRARY_PATH_value=
ac_cv_env_build_alias_set=
ac_cv_env_build_alias_value=
ac_cv_env_host_alias_set=
ac_cv_env_host_alias_value=
ac_cv_env_target_alias_set=
ac_cv_env_target_alias_value=
ac_cv_path_install='/usr/bin/install -c'
ac_cv_path_mkdir=/usr/bin/mkdir
ac_cv_prog_AWK=gawk
ac_cv_prog_ac_ct_CC=mpiicc
ac_cv_prog_make_make_set=yes
am_cv_make_support_nested_variables=yes

## ----------------- ##
## Output variables. ##
## ----------------- ##

ACLOCAL='${SHELL} /work/GLHABS/LakeOntario/ccoffman/FVCOM-LOEM/libs/proj/missing aclocal-1.15'
AMDEPBACKSLASH='\'
AMDEP_FALSE='#'
AMDEP_TRUE=''
AMTAR='$${TAR-tar}'
AM_BACKSLASH='\'
AM_DEFAULT_V='$(AM_DEFAULT_VERBOSITY)'
AM_DEFAULT_VERBOSITY='1'
AM_V='$(V)'
AR=''
AUTOCONF='${SHELL} /work/GLHABS/LakeOntario/ccoffman/FVCOM-LOEM/libs/proj/missing autoconf'
AUTOHEADER='${SHELL} /work/GLHABS/LakeOntario/ccoffman/FVCOM-LOEM/libs/proj/missing autoheader'
AUTOMAKE='${SHELL} /work/GLHABS/LakeOntario/ccoffman/FVCOM-LOEM/libs/proj/missing automake-1.15'
AWK='gawk'
CC='mpiicc'
CCDEPMODE=''
CFLAGS='-O3'
CPP=''
CPPFLAGS=''
CYGPATH_W='echo'
C_WFLAGS=''
DEFS=''
DEPDIR='.deps'
DLLTOOL=''
DSYMUTIL=''
DUMPBIN=''
ECHO_C=''
ECHO_N='-n'
ECHO_T=''
EGREP=''
EXEEXT=''
FGREP=''
GREP=''
INSTALL_DATA='${INSTALL} -m 644'
INSTALL_PROGRAM='${INSTALL}'
INSTALL_SCRIPT='${INSTALL}'
INSTALL_STRIP_PROGRAM='$(install_sh) -c -s'
JNI_INCLUDE=''
LD=''
LDFLAGS=''
LIBOBJS=''
LIBS=''
LIBTOOL=''
LIPO=''
LN_S=''
LTLIBOBJS=''
LT_SYS_LIBRARY_PATH=''
MAKEINFO='${SHELL} /work/GLHABS/LakeOntario/ccoffman/FVCOM-LOEM/libs/proj/missing makeinfo'
MANIFEST_TOOL=''
MKDIR_P='/usr/bin/mkdir -p'
MUTEX_SETTING=''
NM=''
NMEDIT=''
OBJDUMP=''
OBJEXT=''
OTOOL64=''
OTOOL=''
PACKAGE='proj'
PACKAGE_BUGREPORT='warmerdam@pobox.com'
PACKAGE_NAME='PROJ.4 Projections'
PACKAGE_STRING='PROJ.4 Projections 4.9.3'
PACKAGE_TARNAME='proj'
PACKAGE_URL=''
PACKAGE_VERSION='4.9.3'
PATH_SEPARATOR=':'
RANLIB=''
SED=''
SET_MAKE=''
SHELL='/bin/sh'
STRIP=''
THREAD_LIB=''
VERSION='4.9.3'
ac_ct_AR=''
ac_ct_CC='mpiicc'
ac_ct_DUMPBIN=''
am__EXEEXT_FALSE=''
am__EXEEXT_TRUE=''
am__fastdepCC_FALSE=''
am__fastdepCC_TRUE=''
am__include='include'
am__isrc=''
am__leading_dot='.'
am__nodep='_no'
am__quote=''
am__tar='$${TAR-tar} chof - "$$tardir"'
am__untar='$${TAR-tar} xf -'
bindir='${exec_prefix}/bin'
build=''
build_alias=''
build_cpu=''
build_os=''
build_vendor=''
datadir='${datarootdir}'
datarootdir='${prefix}/share'
docdir='${datarootdir}/doc/${PACKAGE_TARNAME}'
dvidir='${docdir}'
exec_prefix='NONE'
host=''
host_alias=''
host_cpu=''
host_os=''
host_vendor=''
htmldir='${docdir}'
includedir='${prefix}/include'
infodir='${datarootdir}/info'
install_sh='${SHELL} /work/GLHABS/LakeOntario/ccoffman/FVCOM-LOEM/libs/proj/install-sh'
libdir='${exec_prefix}/lib'
libexecdir='${exec_prefix}/libexec'
localedir='${datarootdir}/locale'
localstatedir='${prefix}/var'
mandir='${datarootdir}/man'
mkdir_p='$(MKDIR_P)'
oldincludedir='/usr/include'
pdfdir='${docdir}'
prefix='/work/GLHABS/LakeOntario/ccoffman/FVCOM-LOEM/src/libs/install'
program_transform_name='s,x,x,'
psdir='${docdir}'
runstatedir='${localstatedir}/run'
sbindir='${exec_prefix}/sbin'
sharedstatedir='${prefix}/com'
sysconfdir='${prefix}/etc'
target_alias=''

## ----------- ##
## confdefs.h. ##
## ----------- ##

/* confdefs.h */
#define PACKAGE_NAME "PROJ.4 Projections"
#define PACKAGE_TARNAME "proj"
#define PACKAGE_VERSION "4.9.3"
#define PACKAGE_STRING "PROJ.4 Projections 4.9.3"
#define PACKAGE_BUGREPORT "warmerdam@pobox.com"
#define PACKAGE_URL ""
#define PACKAGE "proj"
#define VERSION "4.9.3"

configure: caught signal 2
configure: exit 1
